<?xml version="1.0" encoding="UTF-8"?>
<!-- Generated by org.testng.reporters.JUnitXMLReporter -->
<testsuite ignored="0" hostname="DESKTOP-6BOD738" failures="0" tests="5" name="Default test" time="110.719" errors="0" timestamp="2022-08-02T12:13:17 IST">
  <testcase classname="com.pom.Testng_Automation_runner" name="browser_Lanuch" time="37.825"/>
  <testcase classname="com.pom.Testng_Automation_runner" name="object_manager" time="0.004"/>
  <testcase classname="com.pom.Testng_Automation_runner" name="login_process" time="19.682"/>
  <testcase classname="com.pom.Testng_Automation_runner" name="casual_Dresses" time="14.21"/>
  <testcase classname="com.pom.Testng_Automation_runner" name="Checkout_Process" time="38.874"/>
</testsuite> <!-- Default test -->
