<?xml version="1.0" encoding="UTF-8"?>
<testng-results ignored="0" total="5" passed="5" failed="0" skipped="0">
  <reporter-output>
  </reporter-output>
  <suite started-at="2022-08-02T12:11:26 IST" name="Default suite" finished-at="2022-08-02T12:13:17 IST" duration-ms="110719">
    <groups>
    </groups>
    <test started-at="2022-08-02T12:11:26 IST" name="Default test" finished-at="2022-08-02T12:13:17 IST" duration-ms="110719">
      <class name="com.pom.Testng_Automation_runner">
        <test-method signature="browser_Lanuch()[pri:-5, instance:com.pom.Testng_Automation_runner@2b30a42c]" started-at="2022-08-02T12:11:26 IST" name="browser_Lanuch" description="browser lancher" finished-at="2022-08-02T12:12:04 IST" duration-ms="37825" status="PASS">
          <reporter-output>
          </reporter-output>
        </test-method> <!-- browser_Lanuch -->
        <test-method signature="object_manager()[pri:-4, instance:com.pom.Testng_Automation_runner@2b30a42c]" started-at="2022-08-02T12:12:04 IST" name="object_manager" description="obj man" finished-at="2022-08-02T12:12:04 IST" duration-ms="4" status="PASS">
          <reporter-output>
          </reporter-output>
        </test-method> <!-- object_manager -->
        <test-method signature="login_process()[pri:-3, instance:com.pom.Testng_Automation_runner@2b30a42c]" started-at="2022-08-02T12:12:04 IST" name="login_process" description="login" finished-at="2022-08-02T12:12:24 IST" duration-ms="19682" status="PASS">
          <reporter-output>
          </reporter-output>
        </test-method> <!-- login_process -->
        <test-method signature="casual_Dresses()[pri:-2, instance:com.pom.Testng_Automation_runner@2b30a42c]" started-at="2022-08-02T12:12:24 IST" name="casual_Dresses" description="dress" finished-at="2022-08-02T12:12:38 IST" duration-ms="14210" status="PASS">
          <reporter-output>
          </reporter-output>
        </test-method> <!-- casual_Dresses -->
        <test-method signature="Checkout_Process()[pri:-1, instance:com.pom.Testng_Automation_runner@2b30a42c]" started-at="2022-08-02T12:12:38 IST" name="Checkout_Process" description="checkout" finished-at="2022-08-02T12:13:17 IST" duration-ms="38874" status="PASS">
          <reporter-output>
          </reporter-output>
        </test-method> <!-- Checkout_Process -->
      </class> <!-- com.pom.Testng_Automation_runner -->
    </test> <!-- Default test -->
  </suite> <!-- Default suite -->
</testng-results>
